This is pdfTeX, Version 3.141592653-2.6-1.40.25 (TeX Live 2023) (preloaded format=pdflatex 2023.10.23)  6 MAY 2024 20:36
entering extended mode
 restricted \write18 enabled.
 file:line:error style messages enabled.
 %&-line parsing enabled.
**"c:/Users/SRVazquez/Documents/workspace/PreventAI/TFG SERGIO RODRIGUEZ VAZQUEZ/main"
(c:/Users/SRVazquez/Documents/workspace/PreventAI/TFG SERGIO RODRIGUEZ VAZQUEZ/main.tex
LaTeX2e <2023-06-01> patch level 1
L3 programming layer <2023-10-10>
(c:/texlive/2023/texmf-dist/tex/latex/base/book.cls
Document Class: book 2023/05/17 v1.4n Standard LaTeX document class
(c:/texlive/2023/texmf-dist/tex/latex/base/bk11.clo
File: bk11.clo 2023/05/17 v1.4n Standard LaTeX file (size option)
)
\c@part=\count185
\c@chapter=\count186
\c@section=\count187
\c@subsection=\count188
\c@subsubsection=\count189
\c@paragraph=\count190
\c@subparagraph=\count191
\c@figure=\count192
\c@table=\count193
\abovecaptionskip=\skip48
\belowcaptionskip=\skip49
\bibindent=\dimen140
) (c:/texlive/2023/texmf-dist/tex/latex/geometry/geometry.sty
Package: geometry 2020/01/02 v5.9 Page Geometry
 (c:/texlive/2023/texmf-dist/tex/latex/graphics/keyval.sty
Package: keyval 2022/05/29 v1.15 key=value parser (DPC)
\KV@toks@=\toks17
) (c:/texlive/2023/texmf-dist/tex/generic/iftex/ifvtex.sty
Package: ifvtex 2019/10/25 v1.7 ifvtex legacy package. Use iftex instead.
 (c:/texlive/2023/texmf-dist/tex/generic/iftex/iftex.sty
Package: iftex 2022/02/03 v1.0f TeX engine tests
))
\Gm@cnth=\count194
\Gm@cntv=\count195
\c@Gm@tempcnt=\count196
\Gm@bindingoffset=\dimen141
\Gm@wd@mp=\dimen142
\Gm@odd@mp=\dimen143
\Gm@even@mp=\dimen144
\Gm@layoutwidth=\dimen145
\Gm@layoutheight=\dimen146
\Gm@layouthoffset=\dimen147
\Gm@layoutvoffset=\dimen148
\Gm@dimlist=\toks18
) (c:/texlive/2023/texmf-dist/tex/latex/base/inputenc.sty
Package: inputenc 2021/02/14 v1.3d Input encoding file
\inpenc@prehook=\toks19
\inpenc@posthook=\toks20
) (c:/texlive/2023/texmf-dist/tex/generic/babel/babel.sty
Package: babel 2023/09/29 v3.95 The Babel package
\babel@savecnt=\count197
\U@D=\dimen149
\l@unhyphenated=\language89
 (c:/texlive/2023/texmf-dist/tex/generic/babel/txtbabel.def)
\bbl@readstream=\read2
\bbl@dirlevel=\count198
 (c:/texlive/2023/texmf-dist/tex/generic/babel-spanish/spanish.ldf
Language: spanish.ldf 2021/05/27 v5.0q Spanish support from the babel system
\es@quottoks=\toks21
\es@quotdepth=\count199
Package babel Info: Making " an active character on input line 570.
Package babel Info: Making . an active character on input line 675.
Package babel Info: Making < an active character on input line 722.
Package babel Info: Making > an active character on input line 722.
)) (c:/texlive/2023/texmf-dist/tex/generic/babel/locale/es/babel-spanish.tex
Package babel Info: Importing font and identification data for spanish
(babel)             from babel-es.ini. Reported on input line 11.
) (c:/texlive/2023/texmf-dist/tex/latex/graphics/color.sty
Package: color 2022/01/06 v1.3d Standard LaTeX Color (DPC)
 (c:/texlive/2023/texmf-dist/tex/latex/graphics-cfg/color.cfg
File: color.cfg 2016/01/02 v1.6 sample color configuration
)
Package color Info: Driver file: pdftex.def on input line 149.
 (c:/texlive/2023/texmf-dist/tex/latex/graphics-def/pdftex.def
File: pdftex.def 2022/09/22 v1.2b Graphics/color driver for pdftex
) (c:/texlive/2023/texmf-dist/tex/latex/graphics/dvipsnam.def
File: dvipsnam.def 2016/06/17 v3.0m Driver-dependent file (DPC,SPQR)
) (c:/texlive/2023/texmf-dist/tex/latex/graphics/mathcolor.ltx)) (c:/texlive/2023/texmf-dist/tex/latex/xcolor/xcolor.sty
Package: xcolor 2022/06/12 v2.14 LaTeX color extensions (UK)
 (c:/texlive/2023/texmf-dist/tex/latex/graphics-cfg/color.cfg
File: color.cfg 2016/01/02 v1.6 sample color configuration
)
Package xcolor Info: Package option `usenames' ignored on input line 218.
Package xcolor Info: Driver file: pdftex.def on input line 227.
LaTeX Info: Redefining \color on input line 711.
 (c:/texlive/2023/texmf-dist/tex/latex/graphics/mathcolor.ltx)
Package xcolor Info: Model `cmy' substituted by `cmy0' on input line 1353.
Package xcolor Info: Model `hsb' substituted by `rgb' on input line 1357.
Package xcolor Info: Model `RGB' extended on input line 1369.
Package xcolor Info: Model `HTML' substituted by `rgb' on input line 1371.
Package xcolor Info: Model `Hsb' substituted by `hsb' on input line 1372.
Package xcolor Info: Model `tHsb' substituted by `hsb' on input line 1373.
Package xcolor Info: Model `HSB' substituted by `hsb' on input line 1374.
Package xcolor Info: Model `Gray' substituted by `gray' on input line 1375.
Package xcolor Info: Model `wave' substituted by `hsb' on input line 1376.
 (c:/texlive/2023/texmf-dist/tex/latex/graphics/dvipsnam.def
File: dvipsnam.def 2016/06/17 v3.0m Driver-dependent file (DPC,SPQR)
)) (c:/texlive/2023/texmf-dist/tex/latex/colortbl/colortbl.sty
Package: colortbl 2022/06/20 v1.0f Color table columns (DPC)
 (c:/texlive/2023/texmf-dist/tex/latex/tools/array.sty
Package: array 2022/09/04 v2.5g Tabular extension package (FMi)
\col@sep=\dimen150
\ar@mcellbox=\box51
\extrarowheight=\dimen151
\NC@list=\toks22
\extratabsurround=\skip50
\backup@length=\skip51
\ar@cellbox=\box52
)
\everycr=\toks23
\minrowclearance=\skip52
\rownum=\count266
) (c:/texlive/2023/texmf-dist/tex/latex/appendix/appendix.sty
Package: appendix 2020/02/08 v1.2c extra appendix facilities
\c@@pps=\count267
\c@@ppsavesec=\count268
\c@@ppsaveapp=\count269
) (c:/texlive/2023/texmf-dist/tex/latex/sttools/flushend.sty
Package: flushend 2021/10/04 v4.0 Balancing columns in twocolumn mode
\flushend@@lastskip@a=\skip53
\flushend@@lastskip@b=\skip54
\flushend@@lastnode=\count270
\var@@loop@iter=\count271
\var@@temp@spread=\dimen152
\var@@temp@a=\dimen153
\var@@temp@loop=\dimen154
\flushend@@page@rule=\dimen155
\flushend@@varbox@lastpage=\box53
\flushend@@varbox@a=\box54
\flushend@@varbox@c=\box55
\flushend@@tempbox@a=\box56
\flushend@@tempbox@c=\box57
\flushend@@floatbox=\box58
\@viper=\box59
\hold@viper=\box60
\atColsBreak=\toks24
\atColsEnd=\toks25
\oldbreak@skip=\dimen156
) (c:/texlive/2023/texmf-dist/tex/latex/graphics/graphicx.sty
Package: graphicx 2021/09/16 v1.2d Enhanced LaTeX Graphics (DPC,SPQR)
 (c:/texlive/2023/texmf-dist/tex/latex/graphics/graphics.sty
Package: graphics 2022/03/10 v1.4e Standard LaTeX Graphics (DPC,SPQR)
 (c:/texlive/2023/texmf-dist/tex/latex/graphics/trig.sty
Package: trig 2021/08/11 v1.11 sin cos tan (DPC)
) (c:/texlive/2023/texmf-dist/tex/latex/graphics-cfg/graphics.cfg
File: graphics.cfg 2016/06/04 v1.11 sample graphics configuration
)
Package graphics Info: Driver file: pdftex.def on input line 107.
)
\Gin@req@height=\dimen157
\Gin@req@width=\dimen158
) (c:/texlive/2023/texmf-dist/tex/latex/caption/caption.sty
Package: caption 2023/08/05 v3.6o Customizing captions (AR)
 (c:/texlive/2023/texmf-dist/tex/latex/caption/caption3.sty
Package: caption3 2023/07/31 v2.4d caption3 kernel (AR)
\caption@tempdima=\dimen159
\captionmargin=\dimen160
\caption@leftmargin=\dimen161
\caption@rightmargin=\dimen162
\caption@width=\dimen163
\caption@indent=\dimen164
\caption@parindent=\dimen165
\caption@hangindent=\dimen166
Package caption Info: Standard document class detected.
)
\c@caption@flags=\count272
\c@continuedfloat=\count273
) (c:/texlive/2023/texmf-dist/tex/latex/sectsty/sectsty.sty
Package: sectsty 2002/02/25 v2.0.2 Commands to change all sectional heading styles


LaTeX Warning: Command \underbar  has changed.
               Check if current package is valid.


LaTeX Warning: Command \underline  has changed.
               Check if current package is valid.

) (c:/texlive/2023/texmf-dist/tex/latex/framed/framed.sty
Package: framed 2011/10/22 v 0.96: framed or shaded text with page breaks
\OuterFrameSep=\skip55
\fb@frw=\dimen167
\fb@frh=\dimen168
\FrameRule=\dimen169
\FrameSep=\dimen170
) (c:/texlive/2023/texmf-dist/tex/latex/chngcntr/chngcntr.sty
Package: chngcntr 2018/04/09 v1.1a change counter resetting
Package chngcntr Info: \counterwithout already defined.
(chngcntr)             Quitting chngcntr on input line 21.
) (c:/texlive/2023/texmf-dist/tex/generic/ulem/ulem.sty
\UL@box=\box61
\UL@hyphenbox=\box62
\UL@skip=\skip56
\UL@hook=\toks26
\UL@height=\dimen171
\UL@pe=\count274
\UL@pixel=\dimen172
\ULC@box=\box63
Package: ulem 2019/11/18
\ULdepth=\dimen173
) (c:/texlive/2023/texmf-dist/tex/latex/cite/cite.sty
LaTeX Info: Redefining \cite on input line 302.
LaTeX Info: Redefining \nocite on input line 332.
Package: cite 2015/02/27  v 5.5
) (c:/texlive/2023/texmf-dist/tex/latex/etoolbox/etoolbox.sty
Package: etoolbox 2020/10/05 v2.5k e-TeX tools for LaTeX (JAW)
\etb@tempcnta=\count275
) (c:/texlive/2023/texmf-dist/tex/latex/listings/listings.sty
\lst@mode=\count276
\lst@gtempboxa=\box64
\lst@token=\toks27
\lst@length=\count277
\lst@currlwidth=\dimen174
\lst@column=\count278
\lst@pos=\count279
\lst@lostspace=\dimen175
\lst@width=\dimen176
\lst@newlines=\count280
\lst@lineno=\count281
\lst@maxwidth=\dimen177
 (c:/texlive/2023/texmf-dist/tex/latex/listings/lstmisc.sty
File: lstmisc.sty 2023/02/27 1.9 (Carsten Heinz)
\c@lstnumber=\count282
\lst@skipnumbers=\count283
\lst@framebox=\box65
) (c:/texlive/2023/texmf-dist/tex/latex/listings/listings.cfg
File: listings.cfg 2023/02/27 1.9 listings configuration
))
Package: listings 2023/02/27 1.9 (Carsten Heinz)
 (c:/texlive/2023/texmf-dist/tex/latex/graphics/rotating.sty
Package: rotating 2016/08/11 v2.16d rotated objects in LaTeX
 (c:/texlive/2023/texmf-dist/tex/latex/base/ifthen.sty
Package: ifthen 2022/04/13 v1.1d Standard LaTeX ifthen package (DPC)
)
\c@r@tfl@t=\count284
\rotFPtop=\skip57
\rotFPbot=\skip58
\rot@float@box=\box66
\rot@mess@toks=\toks28
) (c:/texlive/2023/texmf-dist/tex/latex/graphics/lscape.sty
Package: lscape 2020/05/28 v3.02 Landscape Pages (DPC)
) (c:/texlive/2023/texmf-dist/tex/latex/multirow/multirow.sty
Package: multirow 2021/03/15 v2.8 Span multiple rows of a table
\multirow@colwidth=\skip59
\multirow@cntb=\count285
\multirow@dima=\skip60
\bigstrutjot=\dimen178
) (c:/texlive/2023/texmf-dist/tex/latex/eurosym/eurosym.sty
Package: eurosym 1998/08/06 v1.1 European currency symbol ``Euro''
\@eurobox=\box67
) (c:/texlive/2023/texmf-dist/tex/latex/fp/fp.sty
Package: fp 1995/04/02
 `Fixed Point Package', Version 0.8, April 2, 1995 (C) Michael Mehlich (c:/texlive/2023/texmf-dist/tex/latex/fp/defpattern.sty
Package: defpattern 1994/10/12
\actioncount=\count286
) (c:/texlive/2023/texmf-dist/tex/latex/fp/fp-basic.sty
Package: fp-basic 1996/05/13
\FP@xs=\count287
\FP@xia=\count288
\FP@xib=\count289
\FP@xfa=\count290
\FP@xfb=\count291
\FP@rega=\count292
\FP@regb=\count293
\FP@regs=\count294
\FP@times=\count295
) (c:/texlive/2023/texmf-dist/tex/latex/fp/fp-addons.sty
Package: fp-addons 1995/03/15
) (c:/texlive/2023/texmf-dist/tex/latex/fp/fp-snap.sty
Package: fp-snap 1995/04/05
) (c:/texlive/2023/texmf-dist/tex/latex/fp/fp-exp.sty
Package: fp-exp 1995/04/03
) (c:/texlive/2023/texmf-dist/tex/latex/fp/fp-trigo.sty
Package: fp-trigo 1995/04/14
) (c:/texlive/2023/texmf-dist/tex/latex/fp/fp-pas.sty
Package: fp-pas 1994/08/29
) (c:/texlive/2023/texmf-dist/tex/latex/fp/fp-random.sty
Package: fp-random 1995/02/23
\FPseed=\count296
) (c:/texlive/2023/texmf-dist/tex/latex/fp/fp-eqn.sty
Package: fp-eqn 1995/04/03
) (c:/texlive/2023/texmf-dist/tex/latex/fp/fp-upn.sty
Package: fp-upn 1996/10/21
) (c:/texlive/2023/texmf-dist/tex/latex/fp/fp-eval.sty
Package: fp-eval 1995/04/03
)) (c:/texlive/2023/texmf-dist/tex/latex/enumitem/enumitem.sty
Package: enumitem 2019/06/20 v3.9 Customized lists
\labelindent=\skip61
\enit@outerparindent=\dimen179
\enit@toks=\toks29
\enit@inbox=\box68
\enit@count@id=\count297
\enitdp@description=\count298
) (c:/texlive/2023/texmf-dist/tex/latex/float/float.sty
Package: float 2001/11/08 v1.3d Float enhancements (AL)
\c@float@type=\count299
\float@exts=\toks30
\float@box=\box69
\@float@everytoks=\toks31
\@floatcapt=\box70
) (c:/texlive/2023/texmf-dist/tex/latex/emptypage/emptypage.sty
Package: emptypage 2010/05/30 v1.2 Suppress page numbers and headings on empty pages
) (c:/texlive/2023/texmf-dist/tex/latex/amsfonts/amssymb.sty
Package: amssymb 2013/01/14 v3.01 AMS font symbols
 (c:/texlive/2023/texmf-dist/tex/latex/amsfonts/amsfonts.sty
Package: amsfonts 2013/01/14 v3.01 Basic AMSFonts support
\@emptytoks=\toks32
\symAMSa=\mathgroup4
\symAMSb=\mathgroup5
LaTeX Font Info:    Redeclaring math symbol \hbar on input line 98.
LaTeX Font Info:    Overwriting math alphabet `\mathfrak' in version `bold'
(Font)                  U/euf/m/n --> U/euf/b/n on input line 106.
)) (c:/texlive/2023/texmf-dist/tex/latex/base/textcomp.sty
Package: textcomp 2020/02/02 v2.0n Standard LaTeX package
) (c:/texlive/2023/texmf-dist/tex/latex/acronym/acronym.sty
Package: acronym 2020/04/17 v1.47 Support for acronyms (Tobias Oetiker)
 (c:/texlive/2023/texmf-dist/tex/latex/bigfoot/suffix.sty
Package: suffix 2006/07/15 1.5a Variant command support
) (c:/texlive/2023/texmf-dist/tex/generic/xstring/xstring.sty (c:/texlive/2023/texmf-dist/tex/generic/xstring/xstring.tex
\xs_counta=\count300
\xs_countb=\count301
)
Package: xstring 2023/08/22 v1.86 String manipulations (CT)
)
\AC@clearlist=\toks33
) (./stfg-uml-es.sty (c:/texlive/2023/texmf-dist/tex/latex/fmtcount/fmtcount.sty
Package: fmtcount 2020/01/30 v3.07
 (c:/texlive/2023/texmf-dist/tex/latex/xkeyval/xkeyval.sty
Package: xkeyval 2022/06/16 v2.9 package option processing (HA)
 (c:/texlive/2023/texmf-dist/tex/generic/xkeyval/xkeyval.tex (c:/texlive/2023/texmf-dist/tex/generic/xkeyval/xkvutils.tex
\XKV@toks=\toks34
\XKV@tempa@toks=\toks35
)
\XKV@depth=\count302
File: xkeyval.tex 2014/12/03 v2.7a key=value parser (HA)
)) (c:/texlive/2023/texmf-dist/tex/latex/fmtcount/fcprefix.sty
Package: fcprefix 2012/09/28
 (c:/texlive/2023/texmf-dist/tex/latex/fmtcount/fcnumparser.sty
Package: fcnumparser 2017/06/15
\fc@digit@counter=\count303
)) (c:/texlive/2023/texmf-dist/tex/latex/amsmath/amsgen.sty
File: amsgen.sty 1999/11/30 v2.0 generic functions
\@emptytoks=\toks36
\ex@=\dimen180
)
\c@padzeroesN=\count304
\fc@tmpcatcode=\count305
\@DT@modctr=\count306
\@ordinalctr=\count307
\@orgargctr=\count308
\@strctr=\count309
\@tmpstrctr=\count310
\@DT@loopN=\count311
\@DT@X=\count312
) (c:/texlive/2023/texmf-dist/tex/latex/pbox/pbox.sty
Package: pbox 2011/12/07 v1.2 Dynamic parboxes
 (c:/texlive/2023/texmf-dist/tex/latex/tools/calc.sty
Package: calc 2017/05/25 v4.3 Infix arithmetic (KKT,FJ)
\calc@Acount=\count313
\calc@Bcount=\count314
\calc@Adimen=\dimen181
\calc@Bdimen=\dimen182
\calc@Askip=\skip62
\calc@Bskip=\skip63
LaTeX Info: Redefining \setlength on input line 80.
LaTeX Info: Redefining \addtolength on input line 81.
\calc@Ccount=\count315
\calc@Cskip=\skip64
)
\pb@xlen=\skip65
)
\c@objectiveCounter=\count316
\c@subobjectiveCounter=\count317
\c@actorCounter=\count318
\c@informationReqCounter=\count319
\c@bussinessRuleCounter=\count320
\c@useCaseCounter=\count321
\c@nonfunctionalReqCounter=\count322
\c@testCaseCounter=\count323
) (./stfg-style.sty (c:/texlive/2023/texmf-dist/tex/latex/hyperref/hyperref.sty
Package: hyperref 2023-07-08 v7.01b Hypertext links for LaTeX
 (c:/texlive/2023/texmf-dist/tex/generic/ltxcmds/ltxcmds.sty
Package: ltxcmds 2020-05-10 v1.25 LaTeX kernel commands for general use (HO)
) (c:/texlive/2023/texmf-dist/tex/generic/pdftexcmds/pdftexcmds.sty
Package: pdftexcmds 2020-06-27 v0.33 Utility functions of pdfTeX for LuaTeX (HO)
 (c:/texlive/2023/texmf-dist/tex/generic/infwarerr/infwarerr.sty
Package: infwarerr 2019/12/03 v1.5 Providing info/warning/error messages (HO)
)
Package pdftexcmds Info: \pdf@primitive is available.
Package pdftexcmds Info: \pdf@ifprimitive is available.
Package pdftexcmds Info: \pdfdraftmode found.
) (c:/texlive/2023/texmf-dist/tex/latex/kvsetkeys/kvsetkeys.sty
Package: kvsetkeys 2022-10-05 v1.19 Key value parser (HO)
) (c:/texlive/2023/texmf-dist/tex/generic/kvdefinekeys/kvdefinekeys.sty
Package: kvdefinekeys 2019-12-19 v1.6 Define keys (HO)
) (c:/texlive/2023/texmf-dist/tex/generic/pdfescape/pdfescape.sty
Package: pdfescape 2019/12/09 v1.15 Implements pdfTeX's escape features (HO)
) (c:/texlive/2023/texmf-dist/tex/latex/hycolor/hycolor.sty
Package: hycolor 2020-01-27 v1.10 Color options for hyperref/bookmark (HO)
) (c:/texlive/2023/texmf-dist/tex/latex/letltxmacro/letltxmacro.sty
Package: letltxmacro 2019/12/03 v1.6 Let assignment for LaTeX macros (HO)
) (c:/texlive/2023/texmf-dist/tex/latex/auxhook/auxhook.sty
Package: auxhook 2019-12-17 v1.6 Hooks for auxiliary files (HO)
) (c:/texlive/2023/texmf-dist/tex/latex/hyperref/nameref.sty
Package: nameref 2023-08-07 v2.53 Cross-referencing by name of section
 (c:/texlive/2023/texmf-dist/tex/latex/refcount/refcount.sty
Package: refcount 2019/12/15 v3.6 Data extraction from label references (HO)
) (c:/texlive/2023/texmf-dist/tex/generic/gettitlestring/gettitlestring.sty
Package: gettitlestring 2019/12/15 v1.6 Cleanup title references (HO)
 (c:/texlive/2023/texmf-dist/tex/latex/kvoptions/kvoptions.sty
Package: kvoptions 2022-06-15 v3.15 Key value format for package options (HO)
))
\c@section@level=\count324
)
\@linkdim=\dimen183
\Hy@linkcounter=\count325
\Hy@pagecounter=\count326
 (c:/texlive/2023/texmf-dist/tex/latex/hyperref/pd1enc.def
File: pd1enc.def 2023-07-08 v7.01b Hyperref: PDFDocEncoding definition (HO)
Now handling font encoding PD1 ...
... no UTF-8 mapping file for font encoding PD1
) (c:/texlive/2023/texmf-dist/tex/generic/intcalc/intcalc.sty
Package: intcalc 2019/12/15 v1.3 Expandable calculations with integers (HO)
)
\Hy@SavedSpaceFactor=\count327
 (c:/texlive/2023/texmf-dist/tex/latex/hyperref/puenc.def
File: puenc.def 2023-07-08 v7.01b Hyperref: PDF Unicode definition (HO)
Now handling font encoding PU ...
... no UTF-8 mapping file for font encoding PU
)
Package hyperref Info: Option `colorlinks' set `true' on input line 4050.
Package hyperref Info: Hyper figures OFF on input line 4167.
Package hyperref Info: Link nesting OFF on input line 4172.
Package hyperref Info: Hyper index ON on input line 4175.
Package hyperref Info: Plain pages OFF on input line 4182.
Package hyperref Info: Backreferencing OFF on input line 4187.
Package hyperref Info: Implicit mode ON; LaTeX internals redefined.
Package hyperref Info: Bookmarks ON on input line 4434.
\c@Hy@tempcnt=\count328
 (c:/texlive/2023/texmf-dist/tex/latex/url/url.sty
\Urlmuskip=\muskip16
Package: url 2013/09/16  ver 3.4  Verb mode for urls, etc.
)
LaTeX Info: Redefining \url on input line 4772.
\XeTeXLinkMargin=\dimen184
 (c:/texlive/2023/texmf-dist/tex/generic/bitset/bitset.sty
Package: bitset 2019/12/09 v1.3 Handle bit-vector datatype (HO)
 (c:/texlive/2023/texmf-dist/tex/generic/bigintcalc/bigintcalc.sty
Package: bigintcalc 2019/12/15 v1.5 Expandable calculations on big integers (HO)
))
\Fld@menulength=\count329
\Field@Width=\dimen185
\Fld@charsize=\dimen186
Package hyperref Info: Hyper figures OFF on input line 6051.
Package hyperref Info: Link nesting OFF on input line 6056.
Package hyperref Info: Hyper index ON on input line 6059.
Package hyperref Info: backreferencing OFF on input line 6066.
Package hyperref Info: Link coloring ON on input line 6069.
Package hyperref Info: Link coloring with OCG OFF on input line 6076.
Package hyperref Info: PDF/A mode OFF on input line 6081.
 (c:/texlive/2023/texmf-dist/tex/latex/base/atbegshi-ltx.sty
Package: atbegshi-ltx 2021/01/10 v1.0c Emulation of the original atbegshi
package with kernel methods
)
\Hy@abspage=\count330
\c@Item=\count331
\c@Hfootnote=\count332
)
Package hyperref Info: Driver (autodetected): hpdftex.
 (c:/texlive/2023/texmf-dist/tex/latex/hyperref/hpdftex.def
File: hpdftex.def 2023-07-08 v7.01b Hyperref driver for pdfTeX
 (c:/texlive/2023/texmf-dist/tex/latex/base/atveryend-ltx.sty
Package: atveryend-ltx 2020/08/19 v1.0a Emulation of the original atveryend package
with kernel methods
)
\Fld@listcount=\count333
\c@bookmark@seq@number=\count334
 (c:/texlive/2023/texmf-dist/tex/latex/rerunfilecheck/rerunfilecheck.sty
Package: rerunfilecheck 2022-07-10 v1.10 Rerun checks for auxiliary files (HO)
 (c:/texlive/2023/texmf-dist/tex/generic/uniquecounter/uniquecounter.sty
Package: uniquecounter 2019/12/15 v1.4 Provide unlimited unique counter (HO)
)
Package uniquecounter Info: New unique counter `rerunfilecheck' on input line 285.
)
\Hy@SectionHShift=\skip66
)) (./stfg-commands-es.sty) (./content/p_vars.tex) (./content/acronyms.tex) (c:/texlive/2023/texmf-dist/tex/latex/l3backend/l3backend-pdftex.def
File: l3backend-pdftex.def 2023-10-10 L3 backend support: PDF output (pdfTeX)
\l__color_backend_stack_int=\count335
\l__pdf_internal_box=\box71
) (./main.aux
LaTeX Info: Redefining \. on input line 37.
LaTeX Info: Redefining \% on input line 37.
)
\openout1 = `main.aux'.

LaTeX Font Info:    Checking defaults for OML/cmm/m/it on input line 53.
LaTeX Font Info:    ... okay on input line 53.
LaTeX Font Info:    Checking defaults for OMS/cmsy/m/n on input line 53.
LaTeX Font Info:    ... okay on input line 53.
LaTeX Font Info:    Checking defaults for OT1/cmr/m/n on input line 53.
LaTeX Font Info:    ... okay on input line 53.
LaTeX Font Info:    Checking defaults for T1/cmr/m/n on input line 53.
LaTeX Font Info:    ... okay on input line 53.
LaTeX Font Info:    Checking defaults for TS1/cmr/m/n on input line 53.
LaTeX Font Info:    ... okay on input line 53.
LaTeX Font Info:    Checking defaults for OMX/cmex/m/n on input line 53.
LaTeX Font Info:    ... okay on input line 53.
LaTeX Font Info:    Checking defaults for U/cmr/m/n on input line 53.
LaTeX Font Info:    ... okay on input line 53.
LaTeX Font Info:    Checking defaults for PD1/pdf/m/n on input line 53.
LaTeX Font Info:    ... okay on input line 53.
LaTeX Font Info:    Checking defaults for PU/pdf/m/n on input line 53.
LaTeX Font Info:    ... okay on input line 53.

*geometry* driver: auto-detecting
*geometry* detected driver: pdftex
*geometry* verbose mode - [ preamble ] result:
* driver: pdftex
* paper: a4paper
* layout: <same size as paper>
* layoutoffset:(h,v)=(0.0pt,0.0pt)
* modes: twoside 
* h-part:(L,W,R)=(71.13188pt, 455.24411pt, 71.13188pt)
* v-part:(T,H,B)=(99.58464pt, 645.87756pt, 99.58464pt)
* \paperwidth=597.50787pt
* \paperheight=845.04684pt
* \textwidth=455.24411pt
* \textheight=645.87756pt
* \oddsidemargin=-1.1381pt
* \evensidemargin=-1.1381pt
* \topmargin=-4.55914pt
* \headheight=12.0pt
* \headsep=19.8738pt
* \topskip=11.0pt
* \footskip=27.46295pt
* \marginparwidth=106.0pt
* \marginparsep=7.0pt
* \columnsep=10.0pt
* \skip\footins=10.0pt plus 4.0pt minus 2.0pt
* \hoffset=0.0pt
* \voffset=0.0pt
* \mag=1000
* \@twocolumnfalse
* \@twosidetrue
* \@mparswitchtrue
* \@reversemarginfalse
* (1in=72.27pt=25.4mm, 1cm=28.453pt)

LaTeX Info: Redefining \. on input line 53.
LaTeX Info: Redefining \% on input line 53.
(c:/texlive/2023/texmf-dist/tex/context/base/mkii/supp-pdf.mkii
[Loading MPS to PDF converter (version 2006.09.02).]
\scratchcounter=\count336
\scratchdimen=\dimen187
\scratchbox=\box72
\nofMPsegments=\count337
\nofMParguments=\count338
\everyMPshowfont=\toks37
\MPscratchCnt=\count339
\MPscratchDim=\dimen188
\MPnumerator=\count340
\makeMPintoPDFobject=\count341
\everyMPtoPDFconversion=\toks38
) (c:/texlive/2023/texmf-dist/tex/latex/epstopdf-pkg/epstopdf-base.sty
Package: epstopdf-base 2020-01-24 v2.11 Base part for package epstopdf
Package epstopdf-base Info: Redefining graphics rule for `.eps' on input line 485.
 (c:/texlive/2023/texmf-dist/tex/latex/latexconfig/epstopdf-sys.cfg
File: epstopdf-sys.cfg 2010/07/13 v1.3 Configuration of (r)epstopdf for TeX Live
))
Package caption Info: Begin \AtBeginDocument code.
Package caption Info: float package is loaded.
Package caption Info: hyperref package is loaded.
Package caption Info: listings package is loaded.
Package caption Info: rotating package is loaded.
Package caption Info: End \AtBeginDocument code.
\c@lstlisting=\count342
Package hyperref Info: Link coloring ON on input line 53.
 (./main.out) (./main.out)
\@outlinefile=\write3
\openout3 = `main.out'.

 (./coverExternal.tex
<content/img/logoUca.png, id=256, 468.75125pt x 602.25pt>
File: content/img/logoUca.png Graphic file (type png)
<use content/img/logoUca.png>
Package pdftex.def Info: content/img/logoUca.png  used on input line 3.
(pdftex.def)             Requested size: 93.74858pt x 120.44786pt.
 [1


{c:/texlive/2023/texmf-var/fonts/map/pdftex/updmap/pdftex.map} <./content/img/logoUca.png>]) [2

] (./coverInternal.tex
File: content/img/logoUca.png Graphic file (type png)
<use content/img/logoUca.png>
Package pdftex.def Info: content/img/logoUca.png  used on input line 4.
(pdftex.def)             Requested size: 93.74858pt x 120.44786pt.

pdfTeX warning (ext4): destination with the same identifier (name{page.1}) has been already used, duplicate ignored
<to be read again> 
                   \relax 
l.31 \end{titlepage}
                     [1

])
pdfTeX warning (ext4): destination with the same identifier (name{page.2}) has been already used, duplicate ignored
<to be read again> 
                   \relax 
l.56 \input{coverInternal.tex} \cleardoublepage
                                                [2

] (./authorship.tex
pdfTeX warning (ext4): destination with the same identifier (name{page.1}) has been already used, duplicate ignored
<to be read again> 
                   \relax 
l.23 \end{titlepage}
                     [1

])
pdfTeX warning (ext4): destination with the same identifier (name{page.2}) has been already used, duplicate ignored
<to be read again> 
                   \relax 
l.57 \input{authorship.tex} \cleardoublepage
                                             [2

] (./content/abstract.tex) [3] [4

] (./content/acknowledgements.tex) [5] [6

] (./license.tex)
Underfull \hbox (badness 10000) in paragraph at lines 9--66

 []

[7{c:/texlive/2023/texmf-dist/fonts/enc/dvips/cm-super/cm-super-ts1.enc}] [8

] (./content/notation.tex
LaTeX Font Info:    Trying to load font information for U+msa on input line 10.
 (c:/texlive/2023/texmf-dist/tex/latex/amsfonts/umsa.fd
File: umsa.fd 2013/01/14 v3.01 AMS symbols A
)
LaTeX Font Info:    Trying to load font information for U+msb on input line 10.
 (c:/texlive/2023/texmf-dist/tex/latex/amsfonts/umsb.fd
File: umsb.fd 2013/01/14 v3.01 AMS symbols B
)
Package acronym Info: Label `acro:TFG' newly defined as it shall be overridden
although it is yet undefined on input line 24.

Underfull \hbox (badness 10000) in paragraph at lines 24--25

 []

LaTeX Font Info:    Trying to load font information for OMS+cmtt on input line 26.
LaTeX Font Info:    No file OMScmtt.fd. on input line 26.

LaTeX Font Warning: Font shape `OMS/cmtt/m/n' undefined
(Font)              using `OMS/cmsy/m/n' instead
(Font)              for symbol `textbackslash' on input line 26.


Underfull \hbox (badness 10000) in paragraph at lines 26--27

 []


LaTeX Warning: Citation `espanola2010ortografia' on page 9 undefined on input line 28.


LaTeX Warning: Citation `rae2016diccionario' on page 9 undefined on input line 28.


LaTeX Warning: Citation `real2005diccionario' on page 9 undefined on input line 28.

[9]) [10] (./main.toc
LaTeX Info: Redefining \. on input line 1.
LaTeX Info: Redefining \% on input line 1.
 [11


])
\tf@toc=\write4
\openout4 = `main.toc'.

LaTeX Info: Redefining \. on input line 70.
LaTeX Info: Redefining \% on input line 70.
 [12] (./main.lof
LaTeX Info: Redefining \. on input line 1.
LaTeX Info: Redefining \% on input line 1.
)
\tf@lof=\write5
\openout5 = `main.lof'.

 [13


] [14

] (./main.lot
LaTeX Info: Redefining \. on input line 1.
LaTeX Info: Redefining \% on input line 1.
)
\tf@lot=\write6
\openout6 = `main.lot'.

 [15

] [16

] (./main.lol)
\tf@lol=\write7
\openout7 = `main.lol'.

 [17

] [18

] [19

] [20] (./content/introduction.tex
Cap\'{\i }tulo 1.
./content/introduction.tex:6: Undefined control sequence.
\introIntroduction ...presenta el proyecto \myApp 
                                                  \ desde el punto de vista ...
l.6 \introIntroduction
                      
The control sequence at the end of the top line
of your error message was never \def'ed. If you have
misspelled it (e.g., `\hobx'), type `I' and the correct
spelling (e.g., `I\hbox'). Otherwise just continue,
and I'll forget about whatever was undefined.

(./content/introduction/motivation.tex) (./content/introduction/scope.tex [21


]
LaTeX Info: Redefining \. on input line 44.
LaTeX Info: Redefining \% on input line 44.
 [22]) (./content/introduction/basicConcepts.tex) (./content/introduction/stateOfArt.tex

LaTeX Warning: Citation `ergoniza' on page 23 undefined on input line 15.

<content/img/Logo_Ergoniza.png, id=516, 118.19156pt x 45.92157pt>
File: content/img/Logo_Ergoniza.png Graphic file (type png)
<use content/img/Logo_Ergoniza.png>
Package pdftex.def Info: content/img/Logo_Ergoniza.png  used on input line 24.
(pdftex.def)             Requested size: 94.55338pt x 36.73729pt.

LaTeX Warning: Citation `ergoibv' on page 23 undefined on input line 30.

LaTeX Info: Redefining \. on input line 31.
LaTeX Info: Redefining \% on input line 31.
[23]
<content/img/LogoERGOIBV.png, id=524, 179.92218pt x 69.25874pt>
File: content/img/LogoERGOIBV.png Graphic file (type png)
<use content/img/LogoERGOIBV.png>
Package pdftex.def Info: content/img/LogoERGOIBV.png  used on input line 38.
(pdftex.def)             Requested size: 143.93793pt x 55.40706pt.


LaTeX Warning: Citation `ergoia' on page 24 undefined on input line 44.

<content/img/LogoErgoIA.png, id=525, 159.59625pt x 51.19125pt>
File: content/img/LogoErgoIA.png Graphic file (type png)
<use content/img/LogoErgoIA.png>
Package pdftex.def Info: content/img/LogoErgoIA.png  used on input line 52.
(pdftex.def)             Requested size: 127.67715pt x 40.95305pt.

LaTeX Warning: Citation `ergosoftpro' on page 24 undefined on input line 58.

LaTeX Info: Redefining \. on input line 61.
LaTeX Info: Redefining \% on input line 61.
[24 <./content/img/Logo_Ergoniza.png> <./content/img/LogoERGOIBV.png> <./content/img/LogoErgoIA.png>]
<content/img/logoergosoftpro.png, id=539, 390.70969pt x 91.84312pt>
File: content/img/logoergosoftpro.png Graphic file (type png)
<use content/img/logoergosoftpro.png>
Package pdftex.def Info: content/img/logoergosoftpro.png  used on input line 68.
(pdftex.def)             Requested size: 195.35435pt x 45.92143pt.
) (./content/introduction/organization.tex
./content/introduction/organization.tex:15: Undefined control sequence.
\introIntroduction ...presenta el proyecto \myApp 
                                                  \ desde el punto de vista ...
l.15 \introIntroduction
                        % In introduction.tex
The control sequence at the end of the top line
of your error message was never \def'ed. If you have
misspelled it (e.g., `\hobx'), type `I' and the correct
spelling (e.g., `I\hbox'). Otherwise just continue,
and I'll forget about whatever was undefined.

LaTeX Info: Redefining \. on input line 27.
LaTeX Info: Redefining \% on input line 27.
[25 <./content/img/logoergosoftpro.png>]
LaTeX Info: Redefining \. on input line 55.
LaTeX Info: Redefining \% on input line 55.
 [26]) (./content/introduction/p_rest.tex))
LaTeX Info: Redefining \. on input line 83.
LaTeX Info: Redefining \% on input line 83.
 [27]
LaTeX Info: Redefining \. on input line 83.
LaTeX Info: Redefining \% on input line 83.
 [28] (./content/planning.tex
Cap\'{\i }tulo 2.
(./content/planning/methodology.tex

LaTeX Warning: Citation `Scrumban' on page 29 undefined on input line 8.


LaTeX Warning: Citation `guzmanScrumbanmetodologia' on page 29 undefined on input line 14.

) (./content/planning/projectSchedule.tex [29


]) (./content/planning/risks.tex) (./content/planning/technologicalChoices.tex) (./content/planning/resources.tex
LaTeX Info: Redefining \. on input line 4.
LaTeX Info: Redefining \% on input line 4.
 [30]
Package acronym Info: Label `acro:UML' newly defined as it shall be overridden
although it is yet undefined on input line 26.
) (./content/planning/costs.tex
LaTeX Info: Redefining \. on input line 6.
LaTeX Info: Redefining \% on input line 6.
 [31]) (./content/planning/planningResume.tex))
LaTeX Info: Redefining \. on input line 85.
LaTeX Info: Redefining \% on input line 85.
 [32] [33


] [34] (./content/analysis.tex
Cap\'{\i }tulo 3.
(./content/analysis/actors.tex) (./content/analysis/functionalReqs.tex [35


] (./content/analysis/functionalReqs/functionalGroups.tex

LaTeX Warning: Reference `tab:ucSearchUsers' on page 36 undefined on input line 9.


LaTeX Warning: Reference `tab:ucAutentication' on page 36 undefined on input line 9.


LaTeX Warning: Reference `tab:AddCompany' on page 36 undefined on input line 15.


LaTeX Warning: Reference `tab:SearchCompanies' on page 36 undefined on input line 15.


LaTeX Warning: Reference `tab:AddEmployee' on page 36 undefined on input line 21.


LaTeX Warning: Reference `tab:SearchEmployees' on page 36 undefined on input line 21.


LaTeX Warning: Reference `tab:AddReport' on page 36 undefined on input line 27.


LaTeX Warning: Reference `tab:SearchReports' on page 36 undefined on input line 27.

) (./content/analysis/functionalReqs/useCases.tex
Package acronym Info: Label `acro:CRUD' newly defined as it shall be overridden
although it is yet undefined on input line 7.
<content/img/usecasesAuths.png, id=708, 256.7994pt x 184.5294pt>
File: content/img/usecasesAuths.png Graphic file (type png)
<use content/img/usecasesAuths.png>
Package pdftex.def Info: content/img/usecasesAuths.png  used on input line 14.
(pdftex.def)             Requested size: 128.39938pt x 92.26447pt.
LaTeX Info: Redefining \. on input line 18.
LaTeX Info: Redefining \% on input line 18.
 [36]
./content/analysis/functionalReqs/useCases.tex:19: Undefined control sequence.
<recently read> \ucName 
                        
l.19 \createUseCaseTable{tab:ucAddUser}
                                       
The control sequence at the end of the top line
of your error message was never \def'ed. If you have
misspelled it (e.g., `\hobx'), type `I' and the correct
spelling (e.g., `I\hbox'). Otherwise just continue,
and I'll forget about whatever was undefined.

./content/analysis/functionalReqs/useCases.tex:19: Undefined control sequence.
\createUseCaseTable ...ipci\'on} & \ucDescription 
                                                  \\ \hline \titlecell {Acto...
l.19 \createUseCaseTable{tab:ucAddUser}
                                       
The control sequence at the end of the top line
of your error message was never \def'ed. If you have
misspelled it (e.g., `\hobx'), type `I' and the correct
spelling (e.g., `I\hbox'). Otherwise just continue,
and I'll forget about whatever was undefined.

./content/analysis/functionalReqs/useCases.tex:19: Undefined control sequence.
\createUseCaseTable ...cell {Actores} & \ucActors 
                                                  \\ \hline \titlecell {Prec...
l.19 \createUseCaseTable{tab:ucAddUser}
                                       
The control sequence at the end of the top line
of your error message was never \def'ed. If you have
misspelled it (e.g., `\hobx'), type `I' and the correct
spelling (e.g., `I\hbox'). Otherwise just continue,
and I'll forget about whatever was undefined.

./content/analysis/functionalReqs/useCases.tex:19: Undefined control sequence.
\createUseCaseTable ...ciones} & \ucPreconditions 
                                                  \\ \hline \titlecell {\pbo...
l.19 \createUseCaseTable{tab:ucAddUser}
                                       
The control sequence at the end of the top line
of your error message was never \def'ed. If you have
misspelled it (e.g., `\hobx'), type `I' and the correct
spelling (e.g., `I\hbox'). Otherwise just continue,
and I'll forget about whatever was undefined.

./content/analysis/functionalReqs/useCases.tex:19: Undefined control sequence.
\createUseCaseTable ...incipal}} & \ucMainScenery 
                                                  \\ \hline \titlecell {Post...
l.19 \createUseCaseTable{tab:ucAddUser}
                                       
The control sequence at the end of the top line
of your error message was never \def'ed. If you have
misspelled it (e.g., `\hobx'), type `I' and the correct
spelling (e.g., `I\hbox'). Otherwise just continue,
and I'll forget about whatever was undefined.

./content/analysis/functionalReqs/useCases.tex:19: Undefined control sequence.
\createUseCaseTable ...iones} & \ucPostconditions 
                                                  \\ \hline \titlecell {\pbo...
l.19 \createUseCaseTable{tab:ucAddUser}
                                       
The control sequence at the end of the top line
of your error message was never \def'ed. If you have
misspelled it (e.g., `\hobx'), type `I' and the correct
spelling (e.g., `I\hbox'). Otherwise just continue,
and I'll forget about whatever was undefined.

./content/analysis/functionalReqs/useCases.tex:19: Undefined control sequence.
\createUseCaseTable ...ativos}} & \ucAltSceneries 
                                                  \\ \hline \titlecell {Nota...
l.19 \createUseCaseTable{tab:ucAddUser}
                                       
The control sequence at the end of the top line
of your error message was never \def'ed. If you have
misspelled it (e.g., `\hobx'), type `I' and the correct
spelling (e.g., `I\hbox'). Otherwise just continue,
and I'll forget about whatever was undefined.

./content/analysis/functionalReqs/useCases.tex:19: Undefined control sequence.
\createUseCaseTable ...tlecell {Notas} & \ucNotes 
                                                  \\ \hline \end {tabular} \...
l.19 \createUseCaseTable{tab:ucAddUser}
                                       
The control sequence at the end of the top line
of your error message was never \def'ed. If you have
misspelled it (e.g., `\hobx'), type `I' and the correct
spelling (e.g., `I\hbox'). Otherwise just continue,
and I'll forget about whatever was undefined.

./content/analysis/functionalReqs/useCases.tex:19: Undefined control sequence.
<argument> ...spaces \lastUseCaseCode \ - \ucName 
                                                  }}{\thepage }{\@currentHre...
l.19 \createUseCaseTable{tab:ucAddUser}
                                       
The control sequence at the end of the top line
of your error message was never \def'ed. If you have
misspelled it (e.g., `\hobx'), type `I' and the correct
spelling (e.g., `I\hbox'). Otherwise just continue,
and I'll forget about whatever was undefined.

./content/analysis/functionalReqs/useCases.tex:19: Undefined control sequence.
<argument> \lastUseCaseCode \ - \ucName 
                                        
l.19 \createUseCaseTable{tab:ucAddUser}
                                       
The control sequence at the end of the top line
of your error message was never \def'ed. If you have
misspelled it (e.g., `\hobx'), type `I' and the correct
spelling (e.g., `I\hbox'). Otherwise just continue,
and I'll forget about whatever was undefined.


Underfull \vbox (badness 10000) has occurred while \output is active []

LaTeX Info: Redefining \. on input line 63.
LaTeX Info: Redefining \% on input line 63.
 [37 <./content/img/usecasesAuths.png>])) (./content/analysis/informationReqs.tex
LaTeX Info: Redefining \. on input line 42.
LaTeX Info: Redefining \% on input line 42.
 [38] (./content/analysis/informationReqs/entities.tex) (./content/analysis/informationReqs/bussinessRules.tex
LaTeX Info: Redefining \. on input line 5.
LaTeX Info: Redefining \% on input line 5.
 [39]) (./content/analysis/informationReqs/conceptualModel.tex
<content/img/mco.png, id=747, 260.53336pt x 228.19252pt>
File: content/img/mco.png Graphic file (type png)
<use content/img/mco.png>
Package pdftex.def Info: content/img/mco.png  used on input line 10.
(pdftex.def)             Requested size: 260.53271pt x 228.19194pt.

Underfull \vbox (badness 10000) has occurred while \output is active []

LaTeX Info: Redefining \. on input line 14.
LaTeX Info: Redefining \% on input line 14.
 [40]
Underfull \hbox (badness 10000) in paragraph at lines 16--17

 []

LaTeX Info: Redefining \. on input line 30.
LaTeX Info: Redefining \% on input line 30.
[41 <./content/img/mco.png>]) (./content/analysis/informationReqs/traceabilityMatrix.tex
LaTeX Info: Redefining \. on input line 6.
LaTeX Info: Redefining \% on input line 6.
 [42]
LaTeX Info: Redefining \. on input line 23.
LaTeX Info: Redefining \% on input line 23.
 [43])) (./content/analysis/nonFunctionalReqs.tex
Underfull \hbox (badness 10000) in paragraph at lines 5--6

 []


LaTeX Warning: Citation `ieee1998std830' on page 44 undefined on input line 7.


LaTeX Warning: Citation `iso2011systems25010' on page 44 undefined on input line 7.

) (./content/analysis/analysisResume.tex))
LaTeX Info: Redefining \. on input line 91.
LaTeX Info: Redefining \% on input line 91.
 [44


] (./content/design.tex
Cap\'{\i }tulo 4.
(./content/design/architecture.tex (./content/design/architecture/physicalArchitecture.tex
Underfull \hbox (badness 10000) in paragraph at lines 5--6

 []

) (./content/design/architecture/logicalArchitecture.tex
Underfull \vbox (badness 1052) has occurred while \output is active []

 [45


])) (./content/design/messageCodes.tex) (./content/design/dataDesign.tex (./content/design/dataDesign/tablesRelation.tex

LaTeX Warning: Citation `wiki2012pascal' on page 46 undefined on input line 9.

LaTeX Font Info:    Font shape `OT1/cmtt/bx/n' in size <10.95> not available
(Font)              Font shape `OT1/cmtt/m/n' tried instead on input line 33.
) (./content/design/dataDesign/erd.tex
LaTeX Info: Redefining \. on input line 1.
LaTeX Info: Redefining \% on input line 1.
 [46]

LaTeX Warning: Citation `chen1976entity' on page 47 undefined on input line 4.


LaTeX Warning: Citation `song1995comparative' on page 47 undefined on input line 4.

Package acronym Info: Label `acro:SSADM' newly defined as it shall be overridden
although it is yet undefined on input line 4.

LaTeX Warning: Citation `purchase2004comprehension' on page 47 undefined on input line 4.


LaTeX Warning: Citation `komputer2010shortcourse' on page 47 undefined on input line 4.

<content/img/erd.png, id=801, 379.47772pt x 276.37253pt>
File: content/img/erd.png Graphic file (type png)
<use content/img/erd.png>
Package pdftex.def Info: content/img/erd.png  used on input line 12.
(pdftex.def)             Requested size: 379.47678pt x 276.37184pt.
LaTeX Info: Redefining \. on input line 17.
LaTeX Info: Redefining \% on input line 17.
[47 <./content/img/erd.png>])) (./content/design/userInterface.tex
<content/img/UIDraftLogin.png, id=810, 347.04657pt x 112.92188pt>
File: content/img/UIDraftLogin.png Graphic file (type png)
<use content/img/UIDraftLogin.png>
Package pdftex.def Info: content/img/UIDraftLogin.png  used on input line 17.
(pdftex.def)             Requested size: 277.63762pt x 90.3376pt.
) (./content/design/components.tex) (./content/design/designResume.tex))
LaTeX Info: Redefining \. on input line 93.
LaTeX Info: Redefining \% on input line 93.
 [48 <./content/img/UIDraftLogin.png>] (./content/implementation.tex
Cap\'{\i }tulo 5.

Underfull \hbox (badness 10000) in paragraph at lines 7--8

 []

(./content/implementation/implementationCriteria.tex

LaTeX Warning: Citation `simonyi1999hungarian' on page 49 undefined on input line 8.


Overfull \hbox (17.4055pt too wide) in paragraph at lines 13--29
 [][] 
 []

) (./content/implementation/implementationStructure.tex
<content/img/stfgSrcStructure.png, id=826, 692.5875pt x 501.875pt>
File: content/img/stfgSrcStructure.png Graphic file (type png)
<use content/img/stfgSrcStructure.png>
Package pdftex.def Info: content/img/stfgSrcStructure.png  used on input line 8.
(pdftex.def)             Requested size: 415.5557pt x 301.12732pt.
 [49


]
LaTeX Info: Redefining \. on input line 13.
LaTeX Info: Redefining \% on input line 13.
 [50 <./content/img/stfgSrcStructure.png>]) (./content/implementation/systemConfiguration.tex
Package acronym Info: Label `acro:XML' newly defined as it shall be overridden
although it is yet undefined on input line 5.
) (./content/implementation/databaseImplementation.tex

LaTeX Font Warning: Font shape `OMS/cmtt/m/it' undefined
(Font)              using `OMS/cmtt/m/n' instead
(Font)              for symbol `textbraceleft' on input line 6.


Underfull \hbox (badness 10000) in paragraph at lines 31--33
[]\OT1/cmr/m/n/10.95 Mostrar c^^Sodi-go SQL y ex-pli-car ejem-plo ilus-tra-ti-vo de un par
 []


Underfull \hbox (badness 10000) in paragraph at lines 31--33
\OT1/cmr/m/n/10.95 de ta-blas re-fe-ren-cia-das en-tre s^^S^^P. La for-ma de mos-trar c^^Sodi-go es:
 []


Underfull \hbox (badness 10000) in paragraph at lines 31--33
\OMS/cmtt/m/it/10.95 n\OT1/cmtt/m/n/10.95 lstinputlistingContentlanguage=MySQL,caption=MySQL - Tabla \OMS/cmtt/m/it/10.95 n\OT1/cmtt/m/n/10.95 code[Nombre
 []


Underfull \hbox (badness 10000) in paragraph at lines 31--33
\OT1/cmtt/m/n/10.95 de tabla],firstline=[l^^S^^Pnea en la que empieza],lastline=[l^^S^^Pnea en la que
 []

LaTeX Info: Redefining \. on input line 47.
LaTeX Info: Redefining \% on input line 47.
[51]) (./content/implementation/securityImplementation.tex) (./content/implementation/userInterfaceImplementation.tex
Package acronym Info: Label `acro:MVC' newly defined as it shall be overridden
although it is yet undefined on input line 5.
) (./content/implementation/implementationResume.tex))
LaTeX Info: Redefining \. on input line 95.
LaTeX Info: Redefining \% on input line 95.
 [52] (./content/tests.tex
Cap\'{\i }tulo 6.
(./content/tests/testsStrategy.tex) (./content/tests/testsEnvironment.tex) (./content/tests/unitTests.tex (./content/tests/unitTests/databaseTests.tex [53


]
LaTeX Font Info:    Trying to load font information for TS1+cmtt on input line 32.
 (c:/texlive/2023/texmf-dist/tex/latex/base/ts1cmtt.fd
File: ts1cmtt.fd 2023/04/13 v2.5m Standard LaTeX font definitions
)) (./content/tests/unitTests/applicationTests.tex (c:/texlive/2023/texmf-dist/tex/latex/listings/lstlang1.sty
File: lstlang1.sty 2023/02/27 1.9 listings language file
)
Package hyperref Info: bookmark level for unknown lstlisting defaults to 0 on input line 8.
 (c:/texlive/2023/texmf-dist/tex/latex/base/latin1.def
File: latin1.def 2021/02/14 v1.3d Input encoding file
) (./content/tests/unitTests/UserTest.java
LaTeX Info: Redefining \. on input line 18.
LaTeX Info: Redefining \% on input line 18.
 [54]
Underfull \vbox (badness 10000) has occurred while \output is active []

LaTeX Info: Redefining \. on input line 73.
LaTeX Info: Redefining \% on input line 73.
 [55])
LaTeX Info: Redefining \. on input line 12.
LaTeX Info: Redefining \% on input line 12.
 [56]
<content/img/eclipseJUnit.png, id=997, 1028.34187pt x 578.16pt>
File: content/img/eclipseJUnit.png Graphic file (type png)
<use content/img/eclipseJUnit.png>
Package pdftex.def Info: content/img/eclipseJUnit.png  used on input line 15.
(pdftex.def)             Requested size: 637.56538pt x 358.45549pt.
LaTeX Info: Redefining \. on input line 18.
LaTeX Info: Redefining \% on input line 18.
 [57

 <./content/img/eclipseJUnit.png>])) (./content/tests/integrationTests.tex) (./content/tests/validationTests.tex) (./content/tests/systemTests.tex) (./content/tests/testsResume.tex))
LaTeX Info: Redefining \. on input line 98.
LaTeX Info: Redefining \% on input line 98.
 [58

] [59

] [60] (./content/conclusions.tex
Cap\'{\i }tulo 7.
(./content/conclusions/results.tex

LaTeX Warning: Reference `sec:objectives' on page 61 undefined on input line 5.

) (./content/conclusions/futureWork.tex) (./content/conclusions/lessonsLearnt.tex)) [61


] [62

] (./content/appendices.tex [63


] [64] (./content/appendices/usersGuide.tex)) [65

]
No file main.bbl.

Package caption Warning: Unused \captionsetup[table] on input line 32.
See the caption package documentation for explanation.

(./main.aux
LaTeX Info: Redefining \. on input line 37.
LaTeX Info: Redefining \% on input line 37.
)
 ***********
LaTeX2e <2023-06-01> patch level 1
L3 programming layer <2023-10-10>
 ***********


LaTeX Font Warning: Some font shapes were not available, defaults substituted.


LaTeX Warning: There were undefined references.


LaTeX Warning: Label(s) may have changed. Rerun to get cross-references right.

Package rerunfilecheck Info: File `main.out' has not changed.
(rerunfilecheck)             Checksum: 166516C39BC58FB8A68653FCC1EBAD46;9260.
 )
(\end occurred when \if on line 32 was incomplete)
(\end occurred when \ifx on line 42 was incomplete) 
Here is how much of TeX's memory you used:
 19634 strings out of 474504
 314610 string characters out of 5756725
 2063043 words of memory out of 5000000
 40706 multiletter control sequences out of 15000+600000
 572446 words of font info for 89 fonts, out of 8000000 for 9000
 1141 hyphenation exceptions out of 8191
 90i,19n,93p,1290b,2706s stack positions out of 10000i,1000n,20000p,200000b,200000s
<c:/texlive/2023/texmf-dist/fonts/type1/public/amsfonts/cm/cmbx10.pfb><c:/texlive/2023/texmf-dist/fonts/type1/public/amsfonts/cm/cmbx12.pfb><c:/texlive/2023/texmf-dist/fonts/type1/public/amsfonts/cm/cmbxti10.pfb><c:/texlive/2023/texmf-dist/fonts/type1/public/amsfonts/cm/cmitt10.pfb><c:/texlive/2023/texmf-dist/fonts/type1/public/amsfonts/cm/cmr10.pfb><c:/texlive/2023/texmf-dist/fonts/type1/public/amsfonts/cm/cmr12.pfb><c:/texlive/2023/texmf-dist/fonts/type1/public/amsfonts/cm/cmr6.pfb><c:/texlive/2023/texmf-dist/fonts/type1/public/amsfonts/cm/cmr8.pfb><c:/texlive/2023/texmf-dist/fonts/type1/public/amsfonts/cm/cmr9.pfb><c:/texlive/2023/texmf-dist/fonts/type1/public/amsfonts/cm/cmsl10.pfb><c:/texlive/2023/texmf-dist/fonts/type1/public/amsfonts/cm/cmsy10.pfb><c:/texlive/2023/texmf-dist/fonts/type1/public/amsfonts/cm/cmti10.pfb><c:/texlive/2023/texmf-dist/fonts/type1/public/amsfonts/cm/cmti12.pfb><c:/texlive/2023/texmf-dist/fonts/type1/public/amsfonts/cm/cmti9.pfb><c:/texlive/2023/texmf-dist/fonts/type1/public/amsfonts/cm/cmtt10.pfb><c:/texlive/2023/texmf-dist/fonts/type1/public/amsfonts/cm/cmtt9.pfb><c:/texlive/2023/texmf-dist/fonts/type1/public/amsfonts/symbols/msam10.pfb><c:/texlive/2023/texmf-dist/fonts/type1/public/cm-super/sfrm1095.pfb><c:/texlive/2023/texmf-dist/fonts/type1/public/cm-super/sfti1095.pfb><c:/texlive/2023/texmf-dist/fonts/type1/public/cm-super/sftt0900.pfb><c:/texlive/2023/texmf-dist/fonts/type1/public/cm-super/sftt1095.pfb>
Output written on main.pdf (69 pages, 1155102 bytes).
PDF statistics:
 1205 PDF objects out of 1440 (max. 8388607)
 1058 compressed objects within 11 object streams
 326 named destinations out of 1000 (max. 500000)
 560 words of extra memory for PDF output out of 10000 (max. 10000000)

